<?xml version="1.0" encoding="UTF-8"?>
<!-- Generated by org.testng.reporters.JUnitReportReporter -->
<testsuite hostname="DESKTOP-8KP40EG" failures="0" tests="3" name="com.mystore.testcases.TC_MyAccountPageTestDataDriven" time="6.599" errors="0" timestamp="2024-01-12T18:06:39 IST" skipped="1">
  <testcase classname="com.mystore.testcases.TC_MyAccountPageTestDataDriven" name="VerifyLogin" time="2.871"/>
  <testcase classname="com.mystore.testcases.TC_MyAccountPageTestDataDriven" name="VerifyLogin" time="3.728"/>
  <testcase classname="com.mystore.testcases.TC_MyAccountPageTestDataDriven" name="verifyRegistrationandLogin">
    <skipped/>
  </testcase> <!-- verifyRegistrationandLogin -->
</testsuite> <!-- com.mystore.testcases.TC_MyAccountPageTestDataDriven -->
