<?xml version="1.0" encoding="UTF-8"?>
<!-- Generated by org.testng.reporters.JUnitReportReporter -->
<testsuite hostname="DESKTOP-8KP40EG" failures="0" tests="2" name="com.mystore.testcases.TC_MyAccountPageTest001" time="3.212" errors="0" timestamp="2024-01-12T16:02:04 IST" skipped="1">
  <testcase classname="com.mystore.testcases.TC_MyAccountPageTest001" name="VerifyLogin" time="3.212"/>
  <testcase classname="com.mystore.testcases.TC_MyAccountPageTest001" name="verifyRegistrationandLogin">
    <skipped/>
  </testcase> <!-- verifyRegistrationandLogin -->
</testsuite> <!-- com.mystore.testcases.TC_MyAccountPageTest001 -->
